<?xml version="1.0" encoding="UTF-8"?>
<!-- Generated by org.testng.reporters.JUnitReportReporter -->
<testsuite hostname="Susmita" failures="0" tests="6" name="test.TestClass" time="42.820" errors="0" timestamp="2024-12-14T23:22:24 IST" skipped="0">
  <testcase classname="test.TestClass" name="testDragNDrop" time="12.753"/>
  <testcase classname="test.TestClass" name="testSelect" time="0.511"/>
  <testcase classname="test.TestClass" name="testLaunchUrl" time="8.583"/>
  <testcase classname="test.TestClass" name="testSingleSelect" time="10.983"/>
  <testcase classname="test.TestClass" name="testComment" time="4.494"/>
  <testcase classname="test.TestClass" name="testMatrix" time="5.496"/>
</testsuite> <!-- test.TestClass -->
